[2021-04-14 15:09:27.012] [info] Loaded model squatToStand from file squatToStand_3dof9musc.osim
[2021-04-14 15:09:27.012] [warning] Couldn't find file 'r_pelvis.vtp'.
[2021-04-14 15:09:27.012] [warning] Couldn't find file 'l_pelvis.vtp'.
[2021-04-14 15:09:27.013] [warning] Couldn't find file 'sacrum.vtp'.
[2021-04-14 15:09:27.013] [warning] Couldn't find file 'femur_r.vtp'.
[2021-04-14 15:09:27.013] [warning] Couldn't find file 'tibia_r.vtp'.
[2021-04-14 15:09:27.013] [warning] Couldn't find file 'r_fibula.vtp'.
[2021-04-14 15:09:27.013] [warning] Couldn't find file 'r_patella.vtp'.
[2021-04-14 15:09:27.013] [warning] Couldn't find file 'r_talus.vtp'.
[2021-04-14 15:09:27.013] [warning] Couldn't find file 'r_foot.vtp'.
[2021-04-14 15:09:27.013] [warning] Couldn't find file 'r_bofoot.vtp'.
[2021-04-14 15:09:27.014] [warning] Couldn't find file 'hat_spine.vtp'.
[2021-04-14 15:09:27.014] [warning] Couldn't find file 'hat_jaw.vtp'.
[2021-04-14 15:09:27.014] [warning] Couldn't find file 'hat_skull.vtp'.
[2021-04-14 15:09:27.014] [warning] Couldn't find file 'hat_ribs_scap.vtp'.
[2021-04-14 15:09:27.427] [info] Loaded model squatToStand from file squatToStand_3dof9musc.osim
[2021-04-14 15:09:27.427] [warning] Couldn't find file 'r_pelvis.vtp'.
[2021-04-14 15:09:27.427] [warning] Couldn't find file 'l_pelvis.vtp'.
[2021-04-14 15:09:27.428] [warning] Couldn't find file 'sacrum.vtp'.
[2021-04-14 15:09:27.428] [warning] Couldn't find file 'femur_r.vtp'.
[2021-04-14 15:09:27.428] [warning] Couldn't find file 'tibia_r.vtp'.
[2021-04-14 15:09:27.428] [warning] Couldn't find file 'r_fibula.vtp'.
[2021-04-14 15:09:27.428] [warning] Couldn't find file 'r_patella.vtp'.
[2021-04-14 15:09:27.428] [warning] Couldn't find file 'r_talus.vtp'.
[2021-04-14 15:09:27.428] [warning] Couldn't find file 'r_foot.vtp'.
[2021-04-14 15:09:27.428] [warning] Couldn't find file 'r_bofoot.vtp'.
[2021-04-14 15:09:27.428] [warning] Couldn't find file 'hat_spine.vtp'.
[2021-04-14 15:09:27.428] [warning] Couldn't find file 'hat_jaw.vtp'.
[2021-04-14 15:09:27.428] [warning] Couldn't find file 'hat_skull.vtp'.
[2021-04-14 15:09:27.429] [warning] Couldn't find file 'hat_ribs_scap.vtp'.
[2021-04-14 15:09:28.506] [info] ========================================================================
[2021-04-14 15:09:28.506] [info] MocoCasADiSolver starting.
[2021-04-14 15:09:28.506] [info] Wed Apr 14 15:09:28 2021
[2021-04-14 15:09:28.506] [info] ------------------------------------------------------------------------
[2021-04-14 15:09:28.506] [cout] [info] Costs: (total: 1)
[2021-04-14 15:09:28.506] [cout] [info]   myeffort. MocoControlGoal, enabled: true, mode: cost, weight: 1.0
[2021-04-14 15:09:28.506] [cout] [info]         control: /tau_hip_flexion_r, weight: 1.0
[2021-04-14 15:09:28.506] [cout] [info]         control: /tau_knee_angle_r, weight: 1.0
[2021-04-14 15:09:28.506] [cout] [info]         control: /tau_ankle_angle_r, weight: 1.0
[2021-04-14 15:09:28.506] [cout] [info] Endpoint constraints: none
[2021-04-14 15:09:28.506] [cout] [info] Kinematic constraints: (total: 1)
[2021-04-14 15:09:28.506] [cout] [info]   kinematic_constraint_cid4. MocoConstraintInfo. number of scalar equations: 3. bounds: 0, 0, 0
[2021-04-14 15:09:28.506] [cout] [info] Path constraints: none
[2021-04-14 15:09:28.506] [cout] [info] States: (total: 8)
[2021-04-14 15:09:28.506] [cout] [info]   /jointset/patellofemoral_r/knee_angle_r_beta/value. bounds: [-5, 5]
[2021-04-14 15:09:28.506] [cout] [info]   /jointset/ankle_r/ankle_angle_r/value. bounds: [-0.5, 0.7] initial: -0.5 final: 0
[2021-04-14 15:09:28.506] [cout] [info]   /jointset/patellofemoral_r/knee_angle_r_beta/speed. bounds: [-50, 50] initial: 0 final: 0
[2021-04-14 15:09:28.506] [cout] [info]   /jointset/knee_r/knee_angle_r/value. bounds: [-2, 0] initial: -2 final: 0
[2021-04-14 15:09:28.506] [cout] [info]   /jointset/hip_r/hip_flexion_r/value. bounds: [-2, 0.5] initial: -2 final: 0
[2021-04-14 15:09:28.506] [cout] [info]   /jointset/hip_r/hip_flexion_r/speed. bounds: [-50, 50] initial: 0 final: 0
[2021-04-14 15:09:28.506] [cout] [info]   /jointset/ankle_r/ankle_angle_r/speed. bounds: [-50, 50] initial: 0 final: 0
[2021-04-14 15:09:28.506] [cout] [info]   /jointset/knee_r/knee_angle_r/speed. bounds: [-50, 50] initial: 0 final: 0
[2021-04-14 15:09:28.506] [cout] [info] Controls: (total: 3)
[2021-04-14 15:09:28.506] [cout] [info]   /tau_knee_angle_r. bounds: [-1, 1]
[2021-04-14 15:09:28.507] [cout] [info]   /tau_ankle_angle_r. bounds: [-1, 1]
[2021-04-14 15:09:28.507] [cout] [info]   /tau_hip_flexion_r. bounds: [-1, 1]
[2021-04-14 15:09:28.507] [cout] [info] Parameters: none
[2021-04-14 15:09:28.894] [info] Number of threads: 12
[2021-04-14 15:09:40.444] [cout] [info] Breakdown of objective (including weights):
  myeffort: 0.229249
[2021-04-14 15:09:40.470] [info] Set log level to Info.
[2021-04-14 15:09:40.471] [info] ------------------------------------------------------------------------
[2021-04-14 15:09:40.471] [info] Elapsed real time: 12 second(s).
[2021-04-14 15:09:40.471] [info] Wed Apr 14 15:09:40 2021
[2021-04-14 15:09:40.471] [info] MocoCasADiSolver succeeded!
[2021-04-14 15:09:40.471] [info] ========================================================================
[2021-04-14 15:12:05.922] [cout] [info] Exiting visualization.
[2021-04-14 15:16:14.321] [info] Loaded model squatToStand from file squatToStand_3dof9musc.osim
[2021-04-14 15:16:14.321] [warning] Couldn't find file 'r_pelvis.vtp'.
[2021-04-14 15:16:14.321] [warning] Couldn't find file 'l_pelvis.vtp'.
[2021-04-14 15:16:14.321] [warning] Couldn't find file 'sacrum.vtp'.
[2021-04-14 15:16:14.321] [warning] Couldn't find file 'femur_r.vtp'.
[2021-04-14 15:16:14.321] [warning] Couldn't find file 'tibia_r.vtp'.
[2021-04-14 15:16:14.321] [warning] Couldn't find file 'r_fibula.vtp'.
[2021-04-14 15:16:14.321] [warning] Couldn't find file 'r_patella.vtp'.
[2021-04-14 15:16:14.321] [warning] Couldn't find file 'r_talus.vtp'.
[2021-04-14 15:16:14.322] [warning] Couldn't find file 'r_foot.vtp'.
[2021-04-14 15:16:14.322] [warning] Couldn't find file 'r_bofoot.vtp'.
[2021-04-14 15:16:14.322] [warning] Couldn't find file 'hat_spine.vtp'.
[2021-04-14 15:16:14.322] [warning] Couldn't find file 'hat_jaw.vtp'.
[2021-04-14 15:16:14.322] [warning] Couldn't find file 'hat_skull.vtp'.
[2021-04-14 15:16:14.322] [warning] Couldn't find file 'hat_ribs_scap.vtp'.
[2021-04-14 15:16:14.345] [info] Loaded model squatToStand from file squatToStand_3dof9musc.osim
[2021-04-14 15:16:14.345] [warning] Couldn't find file 'r_pelvis.vtp'.
[2021-04-14 15:16:14.345] [warning] Couldn't find file 'l_pelvis.vtp'.
[2021-04-14 15:16:14.345] [warning] Couldn't find file 'sacrum.vtp'.
[2021-04-14 15:16:14.345] [warning] Couldn't find file 'femur_r.vtp'.
[2021-04-14 15:16:14.345] [warning] Couldn't find file 'tibia_r.vtp'.
[2021-04-14 15:16:14.345] [warning] Couldn't find file 'r_fibula.vtp'.
[2021-04-14 15:16:14.346] [warning] Couldn't find file 'r_patella.vtp'.
[2021-04-14 15:16:14.346] [warning] Couldn't find file 'r_talus.vtp'.
[2021-04-14 15:16:14.346] [warning] Couldn't find file 'r_foot.vtp'.
[2021-04-14 15:16:14.346] [warning] Couldn't find file 'r_bofoot.vtp'.
[2021-04-14 15:16:14.346] [warning] Couldn't find file 'hat_spine.vtp'.
[2021-04-14 15:16:14.346] [warning] Couldn't find file 'hat_jaw.vtp'.
[2021-04-14 15:16:14.346] [warning] Couldn't find file 'hat_skull.vtp'.
[2021-04-14 15:16:14.346] [warning] Couldn't find file 'hat_ribs_scap.vtp'.
[2021-04-14 15:16:21.722] [info] Loaded model squatToStand from file squatToStand_3dof9musc.osim
[2021-04-14 15:16:21.722] [warning] Couldn't find file 'r_pelvis.vtp'.
[2021-04-14 15:16:21.722] [warning] Couldn't find file 'l_pelvis.vtp'.
[2021-04-14 15:16:21.722] [warning] Couldn't find file 'sacrum.vtp'.
[2021-04-14 15:16:21.722] [warning] Couldn't find file 'femur_r.vtp'.
[2021-04-14 15:16:21.722] [warning] Couldn't find file 'tibia_r.vtp'.
[2021-04-14 15:16:21.723] [warning] Couldn't find file 'r_fibula.vtp'.
[2021-04-14 15:16:21.723] [warning] Couldn't find file 'r_patella.vtp'.
[2021-04-14 15:16:21.723] [warning] Couldn't find file 'r_talus.vtp'.
[2021-04-14 15:16:21.723] [warning] Couldn't find file 'r_foot.vtp'.
[2021-04-14 15:16:21.723] [warning] Couldn't find file 'r_bofoot.vtp'.
[2021-04-14 15:16:21.723] [warning] Couldn't find file 'hat_spine.vtp'.
[2021-04-14 15:16:21.723] [warning] Couldn't find file 'hat_jaw.vtp'.
[2021-04-14 15:16:21.723] [warning] Couldn't find file 'hat_skull.vtp'.
[2021-04-14 15:16:21.723] [warning] Couldn't find file 'hat_ribs_scap.vtp'.
[2021-04-14 15:16:21.746] [info] Loaded model squatToStand from file squatToStand_3dof9musc.osim
[2021-04-14 15:16:21.746] [warning] Couldn't find file 'r_pelvis.vtp'.
[2021-04-14 15:16:21.747] [warning] Couldn't find file 'l_pelvis.vtp'.
[2021-04-14 15:16:21.747] [warning] Couldn't find file 'sacrum.vtp'.
[2021-04-14 15:16:21.747] [warning] Couldn't find file 'femur_r.vtp'.
[2021-04-14 15:16:21.747] [warning] Couldn't find file 'tibia_r.vtp'.
[2021-04-14 15:16:21.747] [warning] Couldn't find file 'r_fibula.vtp'.
[2021-04-14 15:16:21.747] [warning] Couldn't find file 'r_patella.vtp'.
[2021-04-14 15:16:21.747] [warning] Couldn't find file 'r_talus.vtp'.
[2021-04-14 15:16:21.747] [warning] Couldn't find file 'r_foot.vtp'.
[2021-04-14 15:16:21.747] [warning] Couldn't find file 'r_bofoot.vtp'.
[2021-04-14 15:16:21.747] [warning] Couldn't find file 'hat_spine.vtp'.
[2021-04-14 15:16:21.747] [warning] Couldn't find file 'hat_jaw.vtp'.
[2021-04-14 15:16:21.747] [warning] Couldn't find file 'hat_skull.vtp'.
[2021-04-14 15:16:21.747] [warning] Couldn't find file 'hat_ribs_scap.vtp'.
[2021-04-14 15:17:02.570] [info] Loaded model squatToStand from file squatToStand_3dof9musc.osim
[2021-04-14 15:17:02.570] [warning] Couldn't find file 'r_pelvis.vtp'.
[2021-04-14 15:17:02.570] [warning] Couldn't find file 'l_pelvis.vtp'.
[2021-04-14 15:17:02.570] [warning] Couldn't find file 'sacrum.vtp'.
[2021-04-14 15:17:02.570] [warning] Couldn't find file 'femur_r.vtp'.
[2021-04-14 15:17:02.570] [warning] Couldn't find file 'tibia_r.vtp'.
[2021-04-14 15:17:02.570] [warning] Couldn't find file 'r_fibula.vtp'.
[2021-04-14 15:17:02.570] [warning] Couldn't find file 'r_patella.vtp'.
[2021-04-14 15:17:02.570] [warning] Couldn't find file 'r_talus.vtp'.
[2021-04-14 15:17:02.570] [warning] Couldn't find file 'r_foot.vtp'.
[2021-04-14 15:17:02.571] [warning] Couldn't find file 'r_bofoot.vtp'.
[2021-04-14 15:17:02.571] [warning] Couldn't find file 'hat_spine.vtp'.
[2021-04-14 15:17:02.571] [warning] Couldn't find file 'hat_jaw.vtp'.
[2021-04-14 15:17:02.571] [warning] Couldn't find file 'hat_skull.vtp'.
[2021-04-14 15:17:02.571] [warning] Couldn't find file 'hat_ribs_scap.vtp'.
[2021-04-14 15:17:02.599] [info] Loaded model squatToStand from file squatToStand_3dof9musc.osim
[2021-04-14 15:17:02.600] [warning] Couldn't find file 'r_pelvis.vtp'.
[2021-04-14 15:17:02.600] [warning] Couldn't find file 'l_pelvis.vtp'.
[2021-04-14 15:17:02.600] [warning] Couldn't find file 'sacrum.vtp'.
[2021-04-14 15:17:02.600] [warning] Couldn't find file 'femur_r.vtp'.
[2021-04-14 15:17:02.600] [warning] Couldn't find file 'tibia_r.vtp'.
[2021-04-14 15:17:02.600] [warning] Couldn't find file 'r_fibula.vtp'.
[2021-04-14 15:17:02.600] [warning] Couldn't find file 'r_patella.vtp'.
[2021-04-14 15:17:02.600] [warning] Couldn't find file 'r_talus.vtp'.
[2021-04-14 15:17:02.600] [warning] Couldn't find file 'r_foot.vtp'.
[2021-04-14 15:17:02.600] [warning] Couldn't find file 'r_bofoot.vtp'.
[2021-04-14 15:17:02.600] [warning] Couldn't find file 'hat_spine.vtp'.
[2021-04-14 15:17:02.600] [warning] Couldn't find file 'hat_jaw.vtp'.
[2021-04-14 15:17:02.600] [warning] Couldn't find file 'hat_skull.vtp'.
[2021-04-14 15:17:02.600] [warning] Couldn't find file 'hat_ribs_scap.vtp'.
[2021-04-14 15:17:17.180] [info] Loaded model squatToStand from file squatToStand_3dof9musc.osim
[2021-04-14 15:17:17.180] [warning] Couldn't find file 'r_pelvis.vtp'.
[2021-04-14 15:17:17.180] [warning] Couldn't find file 'l_pelvis.vtp'.
[2021-04-14 15:17:17.180] [warning] Couldn't find file 'sacrum.vtp'.
[2021-04-14 15:17:17.180] [warning] Couldn't find file 'femur_r.vtp'.
[2021-04-14 15:17:17.180] [warning] Couldn't find file 'tibia_r.vtp'.
[2021-04-14 15:17:17.180] [warning] Couldn't find file 'r_fibula.vtp'.
[2021-04-14 15:17:17.181] [warning] Couldn't find file 'r_patella.vtp'.
[2021-04-14 15:17:17.181] [warning] Couldn't find file 'r_talus.vtp'.
[2021-04-14 15:17:17.181] [warning] Couldn't find file 'r_foot.vtp'.
[2021-04-14 15:17:17.181] [warning] Couldn't find file 'r_bofoot.vtp'.
[2021-04-14 15:17:17.181] [warning] Couldn't find file 'hat_spine.vtp'.
[2021-04-14 15:17:17.181] [warning] Couldn't find file 'hat_jaw.vtp'.
[2021-04-14 15:17:17.181] [warning] Couldn't find file 'hat_skull.vtp'.
[2021-04-14 15:17:17.181] [warning] Couldn't find file 'hat_ribs_scap.vtp'.
[2021-04-14 15:17:17.206] [info] Loaded model squatToStand from file squatToStand_3dof9musc.osim
[2021-04-14 15:17:17.206] [warning] Couldn't find file 'r_pelvis.vtp'.
[2021-04-14 15:17:17.206] [warning] Couldn't find file 'l_pelvis.vtp'.
[2021-04-14 15:17:17.206] [warning] Couldn't find file 'sacrum.vtp'.
[2021-04-14 15:17:17.206] [warning] Couldn't find file 'femur_r.vtp'.
[2021-04-14 15:17:17.206] [warning] Couldn't find file 'tibia_r.vtp'.
[2021-04-14 15:17:17.206] [warning] Couldn't find file 'r_fibula.vtp'.
[2021-04-14 15:17:17.207] [warning] Couldn't find file 'r_patella.vtp'.
[2021-04-14 15:17:17.207] [warning] Couldn't find file 'r_talus.vtp'.
[2021-04-14 15:17:17.207] [warning] Couldn't find file 'r_foot.vtp'.
[2021-04-14 15:17:17.207] [warning] Couldn't find file 'r_bofoot.vtp'.
[2021-04-14 15:17:17.207] [warning] Couldn't find file 'hat_spine.vtp'.
[2021-04-14 15:17:17.207] [warning] Couldn't find file 'hat_jaw.vtp'.
[2021-04-14 15:17:17.207] [warning] Couldn't find file 'hat_skull.vtp'.
[2021-04-14 15:17:17.207] [warning] Couldn't find file 'hat_ribs_scap.vtp'.
[2021-04-14 15:28:37.257] [info] Loaded model squatToStand from file squatToStand_3dof9musc.osim
[2021-04-14 15:28:37.257] [warning] Couldn't find file 'r_pelvis.vtp'.
[2021-04-14 15:28:37.258] [warning] Couldn't find file 'l_pelvis.vtp'.
[2021-04-14 15:28:37.258] [warning] Couldn't find file 'sacrum.vtp'.
[2021-04-14 15:28:37.258] [warning] Couldn't find file 'femur_r.vtp'.
[2021-04-14 15:28:37.258] [warning] Couldn't find file 'tibia_r.vtp'.
[2021-04-14 15:28:37.258] [warning] Couldn't find file 'r_fibula.vtp'.
[2021-04-14 15:28:37.258] [warning] Couldn't find file 'r_patella.vtp'.
[2021-04-14 15:28:37.258] [warning] Couldn't find file 'r_talus.vtp'.
[2021-04-14 15:28:37.258] [warning] Couldn't find file 'r_foot.vtp'.
[2021-04-14 15:28:37.258] [warning] Couldn't find file 'r_bofoot.vtp'.
[2021-04-14 15:28:37.258] [warning] Couldn't find file 'hat_spine.vtp'.
[2021-04-14 15:28:37.258] [warning] Couldn't find file 'hat_jaw.vtp'.
[2021-04-14 15:28:37.259] [warning] Couldn't find file 'hat_skull.vtp'.
[2021-04-14 15:28:37.259] [warning] Couldn't find file 'hat_ribs_scap.vtp'.
[2021-04-14 15:28:37.281] [info] Loaded model squatToStand from file squatToStand_3dof9musc.osim
[2021-04-14 15:28:37.282] [warning] Couldn't find file 'r_pelvis.vtp'.
[2021-04-14 15:28:37.282] [warning] Couldn't find file 'l_pelvis.vtp'.
[2021-04-14 15:28:37.282] [warning] Couldn't find file 'sacrum.vtp'.
[2021-04-14 15:28:37.282] [warning] Couldn't find file 'femur_r.vtp'.
[2021-04-14 15:28:37.282] [warning] Couldn't find file 'tibia_r.vtp'.
[2021-04-14 15:28:37.282] [warning] Couldn't find file 'r_fibula.vtp'.
[2021-04-14 15:28:37.282] [warning] Couldn't find file 'r_patella.vtp'.
[2021-04-14 15:28:37.282] [warning] Couldn't find file 'r_talus.vtp'.
[2021-04-14 15:28:37.282] [warning] Couldn't find file 'r_foot.vtp'.
[2021-04-14 15:28:37.282] [warning] Couldn't find file 'r_bofoot.vtp'.
[2021-04-14 15:28:37.282] [warning] Couldn't find file 'hat_spine.vtp'.
[2021-04-14 15:28:37.282] [warning] Couldn't find file 'hat_jaw.vtp'.
[2021-04-14 15:28:37.282] [warning] Couldn't find file 'hat_skull.vtp'.
[2021-04-14 15:28:37.282] [warning] Couldn't find file 'hat_ribs_scap.vtp'.
[2021-04-14 15:28:50.940] [info] Loaded model squatToStand from file squatToStand_3dof9musc.osim
[2021-04-14 15:28:50.940] [warning] Couldn't find file 'r_pelvis.vtp'.
[2021-04-14 15:28:50.940] [warning] Couldn't find file 'l_pelvis.vtp'.
[2021-04-14 15:28:50.940] [warning] Couldn't find file 'sacrum.vtp'.
[2021-04-14 15:28:50.940] [warning] Couldn't find file 'femur_r.vtp'.
[2021-04-14 15:28:50.940] [warning] Couldn't find file 'tibia_r.vtp'.
[2021-04-14 15:28:50.940] [warning] Couldn't find file 'r_fibula.vtp'.
[2021-04-14 15:28:50.940] [warning] Couldn't find file 'r_patella.vtp'.
[2021-04-14 15:28:50.940] [warning] Couldn't find file 'r_talus.vtp'.
[2021-04-14 15:28:50.940] [warning] Couldn't find file 'r_foot.vtp'.
[2021-04-14 15:28:50.940] [warning] Couldn't find file 'r_bofoot.vtp'.
[2021-04-14 15:28:50.940] [warning] Couldn't find file 'hat_spine.vtp'.
[2021-04-14 15:28:50.940] [warning] Couldn't find file 'hat_jaw.vtp'.
[2021-04-14 15:28:50.940] [warning] Couldn't find file 'hat_skull.vtp'.
[2021-04-14 15:28:50.941] [warning] Couldn't find file 'hat_ribs_scap.vtp'.
[2021-04-14 15:28:50.962] [info] Loaded model squatToStand from file squatToStand_3dof9musc.osim
[2021-04-14 15:28:50.962] [warning] Couldn't find file 'r_pelvis.vtp'.
[2021-04-14 15:28:50.962] [warning] Couldn't find file 'l_pelvis.vtp'.
[2021-04-14 15:28:50.963] [warning] Couldn't find file 'sacrum.vtp'.
[2021-04-14 15:28:50.963] [warning] Couldn't find file 'femur_r.vtp'.
[2021-04-14 15:28:50.963] [warning] Couldn't find file 'tibia_r.vtp'.
[2021-04-14 15:28:50.963] [warning] Couldn't find file 'r_fibula.vtp'.
[2021-04-14 15:28:50.963] [warning] Couldn't find file 'r_patella.vtp'.
[2021-04-14 15:28:50.963] [warning] Couldn't find file 'r_talus.vtp'.
[2021-04-14 15:28:50.963] [warning] Couldn't find file 'r_foot.vtp'.
[2021-04-14 15:28:50.963] [warning] Couldn't find file 'r_bofoot.vtp'.
[2021-04-14 15:28:50.963] [warning] Couldn't find file 'hat_spine.vtp'.
[2021-04-14 15:28:50.963] [warning] Couldn't find file 'hat_jaw.vtp'.
[2021-04-14 15:28:50.963] [warning] Couldn't find file 'hat_skull.vtp'.
[2021-04-14 15:28:50.963] [warning] Couldn't find file 'hat_ribs_scap.vtp'.
[2021-04-14 15:29:06.738] [info] Loaded model squatToStand from file squatToStand_3dof9musc.osim
[2021-04-14 15:29:06.738] [warning] Couldn't find file 'r_pelvis.vtp'.
[2021-04-14 15:29:06.738] [warning] Couldn't find file 'l_pelvis.vtp'.
[2021-04-14 15:29:06.738] [warning] Couldn't find file 'sacrum.vtp'.
[2021-04-14 15:29:06.739] [warning] Couldn't find file 'femur_r.vtp'.
[2021-04-14 15:29:06.739] [warning] Couldn't find file 'tibia_r.vtp'.
[2021-04-14 15:29:06.739] [warning] Couldn't find file 'r_fibula.vtp'.
[2021-04-14 15:29:06.739] [warning] Couldn't find file 'r_patella.vtp'.
[2021-04-14 15:29:06.739] [warning] Couldn't find file 'r_talus.vtp'.
[2021-04-14 15:29:06.739] [warning] Couldn't find file 'r_foot.vtp'.
[2021-04-14 15:29:06.739] [warning] Couldn't find file 'r_bofoot.vtp'.
[2021-04-14 15:29:06.739] [warning] Couldn't find file 'hat_spine.vtp'.
[2021-04-14 15:29:06.739] [warning] Couldn't find file 'hat_jaw.vtp'.
[2021-04-14 15:29:06.739] [warning] Couldn't find file 'hat_skull.vtp'.
[2021-04-14 15:29:06.739] [warning] Couldn't find file 'hat_ribs_scap.vtp'.
[2021-04-14 15:29:06.766] [info] Loaded model squatToStand from file squatToStand_3dof9musc.osim
[2021-04-14 15:29:06.766] [warning] Couldn't find file 'r_pelvis.vtp'.
[2021-04-14 15:29:06.766] [warning] Couldn't find file 'l_pelvis.vtp'.
[2021-04-14 15:29:06.766] [warning] Couldn't find file 'sacrum.vtp'.
[2021-04-14 15:29:06.766] [warning] Couldn't find file 'femur_r.vtp'.
[2021-04-14 15:29:06.766] [warning] Couldn't find file 'tibia_r.vtp'.
[2021-04-14 15:29:06.767] [warning] Couldn't find file 'r_fibula.vtp'.
[2021-04-14 15:29:06.767] [warning] Couldn't find file 'r_patella.vtp'.
[2021-04-14 15:29:06.767] [warning] Couldn't find file 'r_talus.vtp'.
[2021-04-14 15:29:06.767] [warning] Couldn't find file 'r_foot.vtp'.
[2021-04-14 15:29:06.767] [warning] Couldn't find file 'r_bofoot.vtp'.
[2021-04-14 15:29:06.767] [warning] Couldn't find file 'hat_spine.vtp'.
[2021-04-14 15:29:06.767] [warning] Couldn't find file 'hat_jaw.vtp'.
[2021-04-14 15:29:06.767] [warning] Couldn't find file 'hat_skull.vtp'.
[2021-04-14 15:29:06.767] [warning] Couldn't find file 'hat_ribs_scap.vtp'.
[2021-04-14 15:29:07.001] [info] ========================================================================
[2021-04-14 15:29:07.001] [info] MocoCasADiSolver starting.
[2021-04-14 15:29:07.001] [info] Wed Apr 14 15:29:07 2021
[2021-04-14 15:29:07.001] [info] ------------------------------------------------------------------------
[2021-04-14 15:29:07.001] [cout] [info] Costs: (total: 2)
[2021-04-14 15:29:07.001] [cout] [info]   myeffort. MocoControlGoal, enabled: true, mode: cost, weight: 0.00100000
[2021-04-14 15:29:07.001] [cout] [info]         control: /tau_hip_flexion_r, weight: 1.0
[2021-04-14 15:29:07.001] [cout] [info]         control: /tau_knee_angle_r, weight: 1.0
[2021-04-14 15:29:07.001] [cout] [info]         control: /tau_ankle_angle_r, weight: 1.0
[2021-04-14 15:29:07.001] [cout] [info]   imu_tracking. MocoAccelerationTrackingGoal, enabled: true, mode: cost, weight: 1.0
[2021-04-14 15:29:07.001] [cout] [info]         acceleration reference file: 
[2021-04-14 15:29:07.001] [cout] [info]         frame 0: /bodyset/torso, weight: 1.0
[2021-04-14 15:29:07.001] [cout] [info]         frame 1: /bodyset/pelvis, weight: 1.0
[2021-04-14 15:29:07.001] [cout] [info]         frame 2: /bodyset/femur_r, weight: 1.0
[2021-04-14 15:29:07.001] [cout] [info]         frame 3: /bodyset/tibia_r, weight: 1.0
[2021-04-14 15:29:07.001] [cout] [info] Endpoint constraints: none
[2021-04-14 15:29:07.001] [cout] [info] Kinematic constraints: (total: 1)
[2021-04-14 15:29:07.001] [cout] [info]   kinematic_constraint_cid4. MocoConstraintInfo. number of scalar equations: 3. bounds: 0, 0, 0
[2021-04-14 15:29:07.001] [cout] [info] Path constraints: none
[2021-04-14 15:29:07.001] [cout] [info] States: (total: 8)
[2021-04-14 15:29:07.001] [cout] [info]   /jointset/patellofemoral_r/knee_angle_r_beta/value. bounds: [-5, 5]
[2021-04-14 15:29:07.001] [cout] [info]   /jointset/ankle_r/ankle_angle_r/value. bounds: [-0.5, 0.7] initial: -0.5 final: 0
[2021-04-14 15:29:07.001] [cout] [info]   /jointset/patellofemoral_r/knee_angle_r_beta/speed. bounds: [-50, 50] initial: 0 final: 0
[2021-04-14 15:29:07.001] [cout] [info]   /jointset/knee_r/knee_angle_r/value. bounds: [-2, 0] initial: -2 final: 0
[2021-04-14 15:29:07.001] [cout] [info]   /jointset/hip_r/hip_flexion_r/value. bounds: [-2, 0.5] initial: -2 final: 0
[2021-04-14 15:29:07.001] [cout] [info]   /jointset/hip_r/hip_flexion_r/speed. bounds: [-50, 50] initial: 0 final: 0
[2021-04-14 15:29:07.001] [cout] [info]   /jointset/ankle_r/ankle_angle_r/speed. bounds: [-50, 50] initial: 0 final: 0
[2021-04-14 15:29:07.001] [cout] [info]   /jointset/knee_r/knee_angle_r/speed. bounds: [-50, 50] initial: 0 final: 0
[2021-04-14 15:29:07.001] [cout] [info] Controls: (total: 3)
[2021-04-14 15:29:07.001] [cout] [info]   /tau_knee_angle_r. bounds: [-1, 1]
[2021-04-14 15:29:07.001] [cout] [info]   /tau_ankle_angle_r. bounds: [-1, 1]
[2021-04-14 15:29:07.001] [cout] [info]   /tau_hip_flexion_r. bounds: [-1, 1]
[2021-04-14 15:29:07.001] [cout] [info] Parameters: none
[2021-04-14 15:29:07.207] [info] Number of threads: 12
[2021-04-14 15:29:52.749] [cout] [info] Breakdown of objective (including weights):
  myeffort: 0.000229249
  imu_tracking: 6.92048e-12
[2021-04-14 15:29:52.766] [info] Set log level to Info.
[2021-04-14 15:29:52.767] [info] ------------------------------------------------------------------------
[2021-04-14 15:29:52.767] [info] Elapsed real time: 46 second(s).
[2021-04-14 15:29:52.767] [info] Wed Apr 14 15:29:52 2021
[2021-04-14 15:29:52.767] [info] MocoCasADiSolver succeeded!
[2021-04-14 15:29:52.767] [info] ========================================================================
[2021-04-14 15:29:56.668] [cout] [info] Exiting visualization.
[2021-04-14 15:31:44.098] [info] Loaded model squatToStand from file squatToStand_3dof9musc.osim
[2021-04-14 15:31:44.099] [warning] Couldn't find file 'r_pelvis.vtp'.
[2021-04-14 15:31:44.099] [warning] Couldn't find file 'l_pelvis.vtp'.
[2021-04-14 15:31:44.099] [warning] Couldn't find file 'sacrum.vtp'.
[2021-04-14 15:31:44.099] [warning] Couldn't find file 'femur_r.vtp'.
[2021-04-14 15:31:44.099] [warning] Couldn't find file 'tibia_r.vtp'.
[2021-04-14 15:31:44.099] [warning] Couldn't find file 'r_fibula.vtp'.
[2021-04-14 15:31:44.099] [warning] Couldn't find file 'r_patella.vtp'.
[2021-04-14 15:31:44.099] [warning] Couldn't find file 'r_talus.vtp'.
[2021-04-14 15:31:44.099] [warning] Couldn't find file 'r_foot.vtp'.
[2021-04-14 15:31:44.099] [warning] Couldn't find file 'r_bofoot.vtp'.
[2021-04-14 15:31:44.099] [warning] Couldn't find file 'hat_spine.vtp'.
[2021-04-14 15:31:44.099] [warning] Couldn't find file 'hat_jaw.vtp'.
[2021-04-14 15:31:44.099] [warning] Couldn't find file 'hat_skull.vtp'.
[2021-04-14 15:31:44.099] [warning] Couldn't find file 'hat_ribs_scap.vtp'.
[2021-04-14 15:31:44.127] [info] Loaded model squatToStand from file squatToStand_3dof9musc.osim
[2021-04-14 15:31:44.127] [warning] Couldn't find file 'r_pelvis.vtp'.
[2021-04-14 15:31:44.127] [warning] Couldn't find file 'l_pelvis.vtp'.
[2021-04-14 15:31:44.127] [warning] Couldn't find file 'sacrum.vtp'.
[2021-04-14 15:31:44.127] [warning] Couldn't find file 'femur_r.vtp'.
[2021-04-14 15:31:44.127] [warning] Couldn't find file 'tibia_r.vtp'.
[2021-04-14 15:31:44.127] [warning] Couldn't find file 'r_fibula.vtp'.
[2021-04-14 15:31:44.127] [warning] Couldn't find file 'r_patella.vtp'.
[2021-04-14 15:31:44.127] [warning] Couldn't find file 'r_talus.vtp'.
[2021-04-14 15:31:44.127] [warning] Couldn't find file 'r_foot.vtp'.
[2021-04-14 15:31:44.127] [warning] Couldn't find file 'r_bofoot.vtp'.
[2021-04-14 15:31:44.127] [warning] Couldn't find file 'hat_spine.vtp'.
[2021-04-14 15:31:44.127] [warning] Couldn't find file 'hat_jaw.vtp'.
[2021-04-14 15:31:44.127] [warning] Couldn't find file 'hat_skull.vtp'.
[2021-04-14 15:31:44.127] [warning] Couldn't find file 'hat_ribs_scap.vtp'.
[2021-04-14 15:33:29.482] [info] Loaded model squatToStand from file squatToStand_3dof9musc.osim
[2021-04-14 15:33:29.483] [warning] Couldn't find file 'r_pelvis.vtp'.
[2021-04-14 15:33:29.483] [warning] Couldn't find file 'l_pelvis.vtp'.
[2021-04-14 15:33:29.483] [warning] Couldn't find file 'sacrum.vtp'.
[2021-04-14 15:33:29.483] [warning] Couldn't find file 'femur_r.vtp'.
[2021-04-14 15:33:29.483] [warning] Couldn't find file 'tibia_r.vtp'.
[2021-04-14 15:33:29.483] [warning] Couldn't find file 'r_fibula.vtp'.
[2021-04-14 15:33:29.483] [warning] Couldn't find file 'r_patella.vtp'.
[2021-04-14 15:33:29.483] [warning] Couldn't find file 'r_talus.vtp'.
[2021-04-14 15:33:29.483] [warning] Couldn't find file 'r_foot.vtp'.
[2021-04-14 15:33:29.483] [warning] Couldn't find file 'r_bofoot.vtp'.
[2021-04-14 15:33:29.483] [warning] Couldn't find file 'hat_spine.vtp'.
[2021-04-14 15:33:29.483] [warning] Couldn't find file 'hat_jaw.vtp'.
[2021-04-14 15:33:29.484] [warning] Couldn't find file 'hat_skull.vtp'.
[2021-04-14 15:33:29.484] [warning] Couldn't find file 'hat_ribs_scap.vtp'.
[2021-04-14 15:33:29.514] [info] Loaded model squatToStand from file squatToStand_3dof9musc.osim
[2021-04-14 15:33:29.514] [warning] Couldn't find file 'r_pelvis.vtp'.
[2021-04-14 15:33:29.514] [warning] Couldn't find file 'l_pelvis.vtp'.
[2021-04-14 15:33:29.514] [warning] Couldn't find file 'sacrum.vtp'.
[2021-04-14 15:33:29.515] [warning] Couldn't find file 'femur_r.vtp'.
[2021-04-14 15:33:29.515] [warning] Couldn't find file 'tibia_r.vtp'.
[2021-04-14 15:33:29.515] [warning] Couldn't find file 'r_fibula.vtp'.
[2021-04-14 15:33:29.515] [warning] Couldn't find file 'r_patella.vtp'.
[2021-04-14 15:33:29.515] [warning] Couldn't find file 'r_talus.vtp'.
[2021-04-14 15:33:29.515] [warning] Couldn't find file 'r_foot.vtp'.
[2021-04-14 15:33:29.515] [warning] Couldn't find file 'r_bofoot.vtp'.
[2021-04-14 15:33:29.515] [warning] Couldn't find file 'hat_spine.vtp'.
[2021-04-14 15:33:29.515] [warning] Couldn't find file 'hat_jaw.vtp'.
[2021-04-14 15:33:29.515] [warning] Couldn't find file 'hat_skull.vtp'.
[2021-04-14 15:33:29.515] [warning] Couldn't find file 'hat_ribs_scap.vtp'.
[2021-04-14 15:33:46.141] [info] Loaded model squatToStand from file squatToStand_3dof9musc.osim
[2021-04-14 15:33:46.141] [warning] Couldn't find file 'r_pelvis.vtp'.
[2021-04-14 15:33:46.141] [warning] Couldn't find file 'l_pelvis.vtp'.
[2021-04-14 15:33:46.141] [warning] Couldn't find file 'sacrum.vtp'.
[2021-04-14 15:33:46.141] [warning] Couldn't find file 'femur_r.vtp'.
[2021-04-14 15:33:46.141] [warning] Couldn't find file 'tibia_r.vtp'.
[2021-04-14 15:33:46.141] [warning] Couldn't find file 'r_fibula.vtp'.
[2021-04-14 15:33:46.141] [warning] Couldn't find file 'r_patella.vtp'.
[2021-04-14 15:33:46.141] [warning] Couldn't find file 'r_talus.vtp'.
[2021-04-14 15:33:46.141] [warning] Couldn't find file 'r_foot.vtp'.
[2021-04-14 15:33:46.141] [warning] Couldn't find file 'r_bofoot.vtp'.
[2021-04-14 15:33:46.142] [warning] Couldn't find file 'hat_spine.vtp'.
[2021-04-14 15:33:46.142] [warning] Couldn't find file 'hat_jaw.vtp'.
[2021-04-14 15:33:46.142] [warning] Couldn't find file 'hat_skull.vtp'.
[2021-04-14 15:33:46.142] [warning] Couldn't find file 'hat_ribs_scap.vtp'.
[2021-04-14 15:33:46.164] [info] Loaded model squatToStand from file squatToStand_3dof9musc.osim
[2021-04-14 15:33:46.164] [warning] Couldn't find file 'r_pelvis.vtp'.
[2021-04-14 15:33:46.164] [warning] Couldn't find file 'l_pelvis.vtp'.
[2021-04-14 15:33:46.164] [warning] Couldn't find file 'sacrum.vtp'.
[2021-04-14 15:33:46.164] [warning] Couldn't find file 'femur_r.vtp'.
[2021-04-14 15:33:46.164] [warning] Couldn't find file 'tibia_r.vtp'.
[2021-04-14 15:33:46.164] [warning] Couldn't find file 'r_fibula.vtp'.
[2021-04-14 15:33:46.164] [warning] Couldn't find file 'r_patella.vtp'.
[2021-04-14 15:33:46.164] [warning] Couldn't find file 'r_talus.vtp'.
[2021-04-14 15:33:46.164] [warning] Couldn't find file 'r_foot.vtp'.
[2021-04-14 15:33:46.164] [warning] Couldn't find file 'r_bofoot.vtp'.
[2021-04-14 15:33:46.164] [warning] Couldn't find file 'hat_spine.vtp'.
[2021-04-14 15:33:46.164] [warning] Couldn't find file 'hat_jaw.vtp'.
[2021-04-14 15:33:46.164] [warning] Couldn't find file 'hat_skull.vtp'.
[2021-04-14 15:33:46.164] [warning] Couldn't find file 'hat_ribs_scap.vtp'.
[2021-04-14 15:34:25.928] [info] Loaded model squatToStand from file squatToStand_3dof9musc.osim
[2021-04-14 15:34:25.929] [warning] Couldn't find file 'r_pelvis.vtp'.
[2021-04-14 15:34:25.929] [warning] Couldn't find file 'l_pelvis.vtp'.
[2021-04-14 15:34:25.929] [warning] Couldn't find file 'sacrum.vtp'.
[2021-04-14 15:34:25.929] [warning] Couldn't find file 'femur_r.vtp'.
[2021-04-14 15:34:25.929] [warning] Couldn't find file 'tibia_r.vtp'.
[2021-04-14 15:34:25.929] [warning] Couldn't find file 'r_fibula.vtp'.
[2021-04-14 15:34:25.929] [warning] Couldn't find file 'r_patella.vtp'.
[2021-04-14 15:34:25.929] [warning] Couldn't find file 'r_talus.vtp'.
[2021-04-14 15:34:25.929] [warning] Couldn't find file 'r_foot.vtp'.
[2021-04-14 15:34:25.929] [warning] Couldn't find file 'r_bofoot.vtp'.
[2021-04-14 15:34:25.929] [warning] Couldn't find file 'hat_spine.vtp'.
[2021-04-14 15:34:25.929] [warning] Couldn't find file 'hat_jaw.vtp'.
[2021-04-14 15:34:25.929] [warning] Couldn't find file 'hat_skull.vtp'.
[2021-04-14 15:34:25.929] [warning] Couldn't find file 'hat_ribs_scap.vtp'.
[2021-04-14 15:34:25.954] [info] Loaded model squatToStand from file squatToStand_3dof9musc.osim
[2021-04-14 15:34:25.954] [warning] Couldn't find file 'r_pelvis.vtp'.
[2021-04-14 15:34:25.954] [warning] Couldn't find file 'l_pelvis.vtp'.
[2021-04-14 15:34:25.954] [warning] Couldn't find file 'sacrum.vtp'.
[2021-04-14 15:34:25.955] [warning] Couldn't find file 'femur_r.vtp'.
[2021-04-14 15:34:25.955] [warning] Couldn't find file 'tibia_r.vtp'.
[2021-04-14 15:34:25.955] [warning] Couldn't find file 'r_fibula.vtp'.
[2021-04-14 15:34:25.955] [warning] Couldn't find file 'r_patella.vtp'.
[2021-04-14 15:34:25.955] [warning] Couldn't find file 'r_talus.vtp'.
[2021-04-14 15:34:25.955] [warning] Couldn't find file 'r_foot.vtp'.
[2021-04-14 15:34:25.955] [warning] Couldn't find file 'r_bofoot.vtp'.
[2021-04-14 15:34:25.955] [warning] Couldn't find file 'hat_spine.vtp'.
[2021-04-14 15:34:25.955] [warning] Couldn't find file 'hat_jaw.vtp'.
[2021-04-14 15:34:25.955] [warning] Couldn't find file 'hat_skull.vtp'.
[2021-04-14 15:34:25.955] [warning] Couldn't find file 'hat_ribs_scap.vtp'.
[2021-04-14 15:34:57.092] [info] Loaded model squatToStand from file squatToStand_3dof9musc.osim
[2021-04-14 15:34:57.092] [warning] Couldn't find file 'r_pelvis.vtp'.
[2021-04-14 15:34:57.092] [warning] Couldn't find file 'l_pelvis.vtp'.
[2021-04-14 15:34:57.092] [warning] Couldn't find file 'sacrum.vtp'.
[2021-04-14 15:34:57.092] [warning] Couldn't find file 'femur_r.vtp'.
[2021-04-14 15:34:57.092] [warning] Couldn't find file 'tibia_r.vtp'.
[2021-04-14 15:34:57.092] [warning] Couldn't find file 'r_fibula.vtp'.
[2021-04-14 15:34:57.092] [warning] Couldn't find file 'r_patella.vtp'.
[2021-04-14 15:34:57.092] [warning] Couldn't find file 'r_talus.vtp'.
[2021-04-14 15:34:57.092] [warning] Couldn't find file 'r_foot.vtp'.
[2021-04-14 15:34:57.093] [warning] Couldn't find file 'r_bofoot.vtp'.
[2021-04-14 15:34:57.093] [warning] Couldn't find file 'hat_spine.vtp'.
[2021-04-14 15:34:57.093] [warning] Couldn't find file 'hat_jaw.vtp'.
[2021-04-14 15:34:57.093] [warning] Couldn't find file 'hat_skull.vtp'.
[2021-04-14 15:34:57.093] [warning] Couldn't find file 'hat_ribs_scap.vtp'.
[2021-04-14 15:34:57.118] [info] Loaded model squatToStand from file squatToStand_3dof9musc.osim
[2021-04-14 15:34:57.118] [warning] Couldn't find file 'r_pelvis.vtp'.
[2021-04-14 15:34:57.118] [warning] Couldn't find file 'l_pelvis.vtp'.
[2021-04-14 15:34:57.118] [warning] Couldn't find file 'sacrum.vtp'.
[2021-04-14 15:34:57.118] [warning] Couldn't find file 'femur_r.vtp'.
[2021-04-14 15:34:57.118] [warning] Couldn't find file 'tibia_r.vtp'.
[2021-04-14 15:34:57.118] [warning] Couldn't find file 'r_fibula.vtp'.
[2021-04-14 15:34:57.118] [warning] Couldn't find file 'r_patella.vtp'.
[2021-04-14 15:34:57.118] [warning] Couldn't find file 'r_talus.vtp'.
[2021-04-14 15:34:57.118] [warning] Couldn't find file 'r_foot.vtp'.
[2021-04-14 15:34:57.118] [warning] Couldn't find file 'r_bofoot.vtp'.
[2021-04-14 15:34:57.118] [warning] Couldn't find file 'hat_spine.vtp'.
[2021-04-14 15:34:57.118] [warning] Couldn't find file 'hat_jaw.vtp'.
[2021-04-14 15:34:57.118] [warning] Couldn't find file 'hat_skull.vtp'.
[2021-04-14 15:34:57.119] [warning] Couldn't find file 'hat_ribs_scap.vtp'.
[2021-04-14 15:34:57.322] [info] ========================================================================
[2021-04-14 15:34:57.322] [info] MocoCasADiSolver starting.
[2021-04-14 15:34:57.322] [info] Wed Apr 14 15:34:57 2021
[2021-04-14 15:34:57.322] [info] ------------------------------------------------------------------------
[2021-04-14 15:34:57.322] [cout] [info] Costs: (total: 2)
[2021-04-14 15:34:57.322] [cout] [info]   myeffort. MocoControlGoal, enabled: true, mode: cost, weight: 0.0
[2021-04-14 15:34:57.322] [cout] [info]         control: /tau_hip_flexion_r, weight: 1.0
[2021-04-14 15:34:57.322] [cout] [info]         control: /tau_knee_angle_r, weight: 1.0
[2021-04-14 15:34:57.322] [cout] [info]         control: /tau_ankle_angle_r, weight: 1.0
[2021-04-14 15:34:57.322] [cout] [info]   imu_tracking. MocoAccelerationTrackingGoal, enabled: true, mode: cost, weight: 1.0
[2021-04-14 15:34:57.322] [cout] [info]         acceleration reference file: 
[2021-04-14 15:34:57.322] [cout] [info]         frame 0: /bodyset/torso, weight: 1.0
[2021-04-14 15:34:57.322] [cout] [info]         frame 1: /bodyset/pelvis, weight: 1.0
[2021-04-14 15:34:57.322] [cout] [info]         frame 2: /bodyset/femur_r, weight: 1.0
[2021-04-14 15:34:57.322] [cout] [info]         frame 3: /bodyset/tibia_r, weight: 1.0
[2021-04-14 15:34:57.322] [cout] [info] Endpoint constraints: none
[2021-04-14 15:34:57.322] [cout] [info] Kinematic constraints: (total: 1)
[2021-04-14 15:34:57.322] [cout] [info]   kinematic_constraint_cid4. MocoConstraintInfo. number of scalar equations: 3. bounds: 0, 0, 0
[2021-04-14 15:34:57.322] [cout] [info] Path constraints: none
[2021-04-14 15:34:57.322] [cout] [info] States: (total: 8)
[2021-04-14 15:34:57.322] [cout] [info]   /jointset/patellofemoral_r/knee_angle_r_beta/value. bounds: [-5, 5]
[2021-04-14 15:34:57.322] [cout] [info]   /jointset/ankle_r/ankle_angle_r/value. bounds: [-0.5, 0.7] initial: -0.5 final: 0
[2021-04-14 15:34:57.322] [cout] [info]   /jointset/patellofemoral_r/knee_angle_r_beta/speed. bounds: [-50, 50] initial: 0 final: 0
[2021-04-14 15:34:57.322] [cout] [info]   /jointset/knee_r/knee_angle_r/value. bounds: [-2, 0] initial: -2 final: 0
[2021-04-14 15:34:57.322] [cout] [info]   /jointset/hip_r/hip_flexion_r/value. bounds: [-2, 0.5] initial: -2 final: 0
[2021-04-14 15:34:57.322] [cout] [info]   /jointset/hip_r/hip_flexion_r/speed. bounds: [-50, 50] initial: 0 final: 0
[2021-04-14 15:34:57.322] [cout] [info]   /jointset/ankle_r/ankle_angle_r/speed. bounds: [-50, 50] initial: 0 final: 0
[2021-04-14 15:34:57.322] [cout] [info]   /jointset/knee_r/knee_angle_r/speed. bounds: [-50, 50] initial: 0 final: 0
[2021-04-14 15:34:57.322] [cout] [info] Controls: (total: 3)
[2021-04-14 15:34:57.322] [cout] [info]   /tau_knee_angle_r. bounds: [-1, 1]
[2021-04-14 15:34:57.322] [cout] [info]   /tau_ankle_angle_r. bounds: [-1, 1]
[2021-04-14 15:34:57.322] [cout] [info]   /tau_hip_flexion_r. bounds: [-1, 1]
[2021-04-14 15:34:57.322] [cout] [info] Parameters: none
[2021-04-14 15:34:57.513] [info] Number of threads: 12
[2021-04-14 15:35:33.479] [cout] [info] Breakdown of objective (including weights):
  myeffort: 0
  imu_tracking: 1.53988e-11
[2021-04-14 15:35:33.495] [info] Set log level to Info.
[2021-04-14 15:35:33.496] [info] ------------------------------------------------------------------------
[2021-04-14 15:35:33.496] [info] Elapsed real time: 36 second(s).
[2021-04-14 15:35:33.496] [info] Wed Apr 14 15:35:33 2021
[2021-04-14 15:35:33.496] [info] MocoCasADiSolver succeeded!
[2021-04-14 15:35:33.496] [info] ========================================================================
[2021-04-14 15:35:38.353] [cout] [info] Exiting visualization.
[2021-04-14 15:36:26.765] [info] Loaded model squatToStand from file squatToStand_3dof9musc.osim
[2021-04-14 15:36:26.766] [warning] Couldn't find file 'r_pelvis.vtp'.
[2021-04-14 15:36:26.766] [warning] Couldn't find file 'l_pelvis.vtp'.
[2021-04-14 15:36:26.766] [warning] Couldn't find file 'sacrum.vtp'.
[2021-04-14 15:36:26.766] [warning] Couldn't find file 'femur_r.vtp'.
[2021-04-14 15:36:26.766] [warning] Couldn't find file 'tibia_r.vtp'.
[2021-04-14 15:36:26.766] [warning] Couldn't find file 'r_fibula.vtp'.
[2021-04-14 15:36:26.766] [warning] Couldn't find file 'r_patella.vtp'.
[2021-04-14 15:36:26.766] [warning] Couldn't find file 'r_talus.vtp'.
[2021-04-14 15:36:26.766] [warning] Couldn't find file 'r_foot.vtp'.
[2021-04-14 15:36:26.766] [warning] Couldn't find file 'r_bofoot.vtp'.
[2021-04-14 15:36:26.767] [warning] Couldn't find file 'hat_spine.vtp'.
[2021-04-14 15:36:26.767] [warning] Couldn't find file 'hat_jaw.vtp'.
[2021-04-14 15:36:26.767] [warning] Couldn't find file 'hat_skull.vtp'.
[2021-04-14 15:36:26.767] [warning] Couldn't find file 'hat_ribs_scap.vtp'.
[2021-04-14 15:36:26.793] [info] Loaded model squatToStand from file squatToStand_3dof9musc.osim
[2021-04-14 15:36:26.793] [warning] Couldn't find file 'r_pelvis.vtp'.
[2021-04-14 15:36:26.793] [warning] Couldn't find file 'l_pelvis.vtp'.
[2021-04-14 15:36:26.793] [warning] Couldn't find file 'sacrum.vtp'.
[2021-04-14 15:36:26.793] [warning] Couldn't find file 'femur_r.vtp'.
[2021-04-14 15:36:26.793] [warning] Couldn't find file 'tibia_r.vtp'.
[2021-04-14 15:36:26.793] [warning] Couldn't find file 'r_fibula.vtp'.
[2021-04-14 15:36:26.793] [warning] Couldn't find file 'r_patella.vtp'.
[2021-04-14 15:36:26.793] [warning] Couldn't find file 'r_talus.vtp'.
[2021-04-14 15:36:26.793] [warning] Couldn't find file 'r_foot.vtp'.
[2021-04-14 15:36:26.794] [warning] Couldn't find file 'r_bofoot.vtp'.
[2021-04-14 15:36:26.794] [warning] Couldn't find file 'hat_spine.vtp'.
[2021-04-14 15:36:26.794] [warning] Couldn't find file 'hat_jaw.vtp'.
[2021-04-14 15:36:26.794] [warning] Couldn't find file 'hat_skull.vtp'.
[2021-04-14 15:36:26.794] [warning] Couldn't find file 'hat_ribs_scap.vtp'.
[2021-04-14 15:36:34.892] [info] Loaded model squatToStand from file squatToStand_3dof9musc.osim
[2021-04-14 15:36:34.892] [warning] Couldn't find file 'r_pelvis.vtp'.
[2021-04-14 15:36:34.892] [warning] Couldn't find file 'l_pelvis.vtp'.
[2021-04-14 15:36:34.892] [warning] Couldn't find file 'sacrum.vtp'.
[2021-04-14 15:36:34.892] [warning] Couldn't find file 'femur_r.vtp'.
[2021-04-14 15:36:34.892] [warning] Couldn't find file 'tibia_r.vtp'.
[2021-04-14 15:36:34.893] [warning] Couldn't find file 'r_fibula.vtp'.
[2021-04-14 15:36:34.893] [warning] Couldn't find file 'r_patella.vtp'.
[2021-04-14 15:36:34.893] [warning] Couldn't find file 'r_talus.vtp'.
[2021-04-14 15:36:34.893] [warning] Couldn't find file 'r_foot.vtp'.
[2021-04-14 15:36:34.893] [warning] Couldn't find file 'r_bofoot.vtp'.
[2021-04-14 15:36:34.893] [warning] Couldn't find file 'hat_spine.vtp'.
[2021-04-14 15:36:34.893] [warning] Couldn't find file 'hat_jaw.vtp'.
[2021-04-14 15:36:34.893] [warning] Couldn't find file 'hat_skull.vtp'.
[2021-04-14 15:36:34.893] [warning] Couldn't find file 'hat_ribs_scap.vtp'.
[2021-04-14 15:36:34.925] [info] Loaded model squatToStand from file squatToStand_3dof9musc.osim
[2021-04-14 15:36:34.926] [warning] Couldn't find file 'r_pelvis.vtp'.
[2021-04-14 15:36:34.926] [warning] Couldn't find file 'l_pelvis.vtp'.
[2021-04-14 15:36:34.926] [warning] Couldn't find file 'sacrum.vtp'.
[2021-04-14 15:36:34.926] [warning] Couldn't find file 'femur_r.vtp'.
[2021-04-14 15:36:34.926] [warning] Couldn't find file 'tibia_r.vtp'.
[2021-04-14 15:36:34.926] [warning] Couldn't find file 'r_fibula.vtp'.
[2021-04-14 15:36:34.926] [warning] Couldn't find file 'r_patella.vtp'.
[2021-04-14 15:36:34.926] [warning] Couldn't find file 'r_talus.vtp'.
[2021-04-14 15:36:34.926] [warning] Couldn't find file 'r_foot.vtp'.
[2021-04-14 15:36:34.926] [warning] Couldn't find file 'r_bofoot.vtp'.
[2021-04-14 15:36:34.926] [warning] Couldn't find file 'hat_spine.vtp'.
[2021-04-14 15:36:34.926] [warning] Couldn't find file 'hat_jaw.vtp'.
[2021-04-14 15:36:34.926] [warning] Couldn't find file 'hat_skull.vtp'.
[2021-04-14 15:36:34.926] [warning] Couldn't find file 'hat_ribs_scap.vtp'.
[2021-04-14 15:36:35.121] [info] ========================================================================
[2021-04-14 15:36:35.121] [info] MocoCasADiSolver starting.
[2021-04-14 15:36:35.121] [info] Wed Apr 14 15:36:35 2021
[2021-04-14 15:36:35.121] [info] ------------------------------------------------------------------------
[2021-04-14 15:36:35.121] [cout] [info] Costs: (total: 2)
[2021-04-14 15:36:35.121] [cout] [info]   myeffort. MocoControlGoal, enabled: true, mode: cost, weight: 0.0
[2021-04-14 15:36:35.121] [cout] [info]         control: /tau_hip_flexion_r, weight: 1.0
[2021-04-14 15:36:35.121] [cout] [info]         control: /tau_knee_angle_r, weight: 1.0
[2021-04-14 15:36:35.121] [cout] [info]         control: /tau_ankle_angle_r, weight: 1.0
[2021-04-14 15:36:35.121] [cout] [info]   imu_tracking. MocoAccelerationTrackingGoal, enabled: true, mode: cost, weight: 1.0
[2021-04-14 15:36:35.121] [cout] [info]         acceleration reference file: 
[2021-04-14 15:36:35.121] [cout] [info]         frame 0: /bodyset/torso, weight: 1.0
[2021-04-14 15:36:35.121] [cout] [info]         frame 1: /bodyset/pelvis, weight: 1.0
[2021-04-14 15:36:35.121] [cout] [info]         frame 2: /bodyset/femur_r, weight: 1.0
[2021-04-14 15:36:35.121] [cout] [info]         frame 3: /bodyset/tibia_r, weight: 1.0
[2021-04-14 15:36:35.121] [cout] [info] Endpoint constraints: none
[2021-04-14 15:36:35.121] [cout] [info] Kinematic constraints: (total: 1)
[2021-04-14 15:36:35.121] [cout] [info]   kinematic_constraint_cid4. MocoConstraintInfo. number of scalar equations: 3. bounds: 0, 0, 0
[2021-04-14 15:36:35.121] [cout] [info] Path constraints: none
[2021-04-14 15:36:35.121] [cout] [info] States: (total: 8)
[2021-04-14 15:36:35.121] [cout] [info]   /jointset/patellofemoral_r/knee_angle_r_beta/value. bounds: [-5, 5]
[2021-04-14 15:36:35.121] [cout] [info]   /jointset/ankle_r/ankle_angle_r/value. bounds: [-0.5, 0.7] initial: -0.5 final: 0
[2021-04-14 15:36:35.121] [cout] [info]   /jointset/patellofemoral_r/knee_angle_r_beta/speed. bounds: [-50, 50] initial: 0 final: 0
[2021-04-14 15:36:35.121] [cout] [info]   /jointset/knee_r/knee_angle_r/value. bounds: [-2, 0] initial: -2 final: 0
[2021-04-14 15:36:35.121] [cout] [info]   /jointset/hip_r/hip_flexion_r/value. bounds: [-2, 0.5] initial: -2 final: 0
[2021-04-14 15:36:35.121] [cout] [info]   /jointset/hip_r/hip_flexion_r/speed. bounds: [-50, 50] initial: 0 final: 0
[2021-04-14 15:36:35.121] [cout] [info]   /jointset/ankle_r/ankle_angle_r/speed. bounds: [-50, 50] initial: 0 final: 0
[2021-04-14 15:36:35.121] [cout] [info]   /jointset/knee_r/knee_angle_r/speed. bounds: [-50, 50] initial: 0 final: 0
[2021-04-14 15:36:35.121] [cout] [info] Controls: (total: 3)
[2021-04-14 15:36:35.121] [cout] [info]   /tau_knee_angle_r. bounds: [-1, 1]
[2021-04-14 15:36:35.121] [cout] [info]   /tau_ankle_angle_r. bounds: [-1, 1]
[2021-04-14 15:36:35.121] [cout] [info]   /tau_hip_flexion_r. bounds: [-1, 1]
[2021-04-14 15:36:35.121] [cout] [info] Parameters: none
[2021-04-14 15:36:35.310] [info] Number of threads: 12
[2021-04-14 15:36:58.891] [cout] [info] Breakdown of objective (including weights):
  myeffort: 0
  imu_tracking: 3.09676e-08
[2021-04-14 15:36:58.909] [info] Set log level to Info.
[2021-04-14 15:36:58.910] [info] ------------------------------------------------------------------------
[2021-04-14 15:36:58.910] [info] Elapsed real time: 24 second(s).
[2021-04-14 15:36:58.910] [info] Wed Apr 14 15:36:58 2021
[2021-04-14 15:36:58.910] [info] MocoCasADiSolver succeeded!
[2021-04-14 15:36:58.910] [info] ========================================================================
