Storage: file=SpringActuatedLeg_states_degrees.mot (nr=240 nc=7)
Old version storage/motion file encountered
Storage: file=std_SpringActuatedLeg_states_degrees.mot (nr=219 nc=7)
.. assuming rotations in Degrees.
column:    q1
RMS error: 3.5211
tolerance: 1000

column:    q2
RMS error: 7.04213
tolerance: 1000

column:    q3
RMS error: 5.28894
tolerance: 1000

column:    q1_u
RMS error: 40.9892
tolerance: 1000

column:    q2_u
RMS error: 81.9785
tolerance: 1000

column:    q3_u
RMS error: 40.9894
tolerance: 1000

spring actuated leg states degrees passed
Storage: file=actuator_forces.mot (nr=240 nc=3)
Old version storage/motion file encountered
Storage: file=std_actuator_forces.mot (nr=219 nc=3)
.. assuming rotations in Degrees.
column:    piston
RMS error: 20.0418
tolerance: 1000

column:    spring
RMS error: 133.93
tolerance: 1000

actuator forces passed
Done
